============================= test session starts ==============================
platform linux -- Python 3.11.9, pytest-8.3.2, pluggy-1.5.0
collected 41 items

tests/test_holds.py ........................F                                [ 60%]
tests/test_routes.py ................                                        [100%]

=================================== FAILURES ===================================
____________________________ test_release_expired ______________________________

    def test_release_expired():
>       assert release(hold_id) == 0
E       assert 1 == 0

tests/test_holds.py:88: AssertionError
=========================== short test summary info ============================
FAILED tests/test_holds.py::test_release_expired - assert 1 == 0
========================= 1 failed, 40 passed in 2.44s =========================
